INFO  21-02-02 18:48:42[restartedMain] [c.k.g.GravyLabApplication:55] - Starting GravyLabApplication using Java 1.8.0_251 on DESKTOP-GH4AU9Q with PID 21496 (D:\project framework\spring boot jpa\workspace\GravyLab\target\classes started by jin in D:\project framework\spring boot jpa\workspace\GravyLab)
INFO  21-02-02 18:48:42[restartedMain] [c.k.g.GravyLabApplication:660] - No active profile set, falling back to default profiles: default
INFO  21-02-02 18:48:42[restartedMain] [o.s.d.r.c.RepositoryConfigurationDelegate:128] - Bootstrapping Spring Data JPA repositories in DEFAULT mode.
INFO  21-02-02 18:48:42[restartedMain] [o.s.d.r.c.RepositoryConfigurationDelegate:188] - Finished Spring Data repository scanning in 7 ms. Found 1 JPA repository interfaces.
INFO  21-02-02 18:48:42[restartedMain] [o.s.b.w.e.t.TomcatWebServer:108] - Tomcat initialized with port(s): 5454 (http)
INFO  21-02-02 18:48:42[restartedMain] [o.a.c.c.StandardService:173] - Starting service [Tomcat]
INFO  21-02-02 18:48:42[restartedMain] [o.a.c.c.StandardEngine:173] - Starting Servlet engine: [Apache Tomcat/9.0.41]
INFO  21-02-02 18:48:42[restartedMain] [o.a.c.c.C.[.[.[/]:173] - Initializing Spring embedded WebApplicationContext
INFO  21-02-02 18:48:42[restartedMain] [o.s.b.w.s.c.ServletWebServerApplicationContext:289] - Root WebApplicationContext: initialization completed in 212 ms
INFO  21-02-02 18:48:42[restartedMain] [c.z.h.HikariDataSource:110] - HikariPool-3 - Starting...
INFO  21-02-02 18:48:42[restartedMain] [l.log4j2:365] - 21. Connection opened. {executed in 55ms} 
INFO  21-02-02 18:48:42[restartedMain] [l.log4j2:197] - 21. Connection.new Connection returned 
INFO  21-02-02 18:48:42[restartedMain] [l.log4j2:197] - 21. Connection.getNetworkTimeout() returned 0
INFO  21-02-02 18:48:42[restartedMain] [l.log4j2:197] - 21. Connection.isReadOnly() returned false
INFO  21-02-02 18:48:42[restartedMain] [l.log4j2:197] - 21. Connection.getAutoCommit() returned true
INFO  21-02-02 18:48:42[restartedMain] [l.log4j2:197] - 21. Statement.new Statement returned 
INFO  21-02-02 18:48:42[restartedMain] [l.log4j2:197] - 21. Connection.createStatement() returned net.sf.log4jdbc.sql.jdbcapi.StatementSpy@428360ed
INFO  21-02-02 18:48:42[restartedMain] [l.log4j2:243] - 21. SELECT 1  {executed in 0 ms}
INFO  21-02-02 18:48:42[restartedMain] [l.log4j2:197] - 21. Statement.execute(SELECT 1) returned true
INFO  21-02-02 18:48:42[restartedMain] [l.log4j2:197] - 21. Statement.close() returned 
INFO  21-02-02 18:48:42[restartedMain] [l.log4j2:197] - 21. Connection.getTransactionIsolation() returned 4
INFO  21-02-02 18:48:42[restartedMain] [c.z.h.HikariDataSource:123] - HikariPool-3 - Start completed.
INFO  21-02-02 18:48:42[restartedMain] [l.log4j2:197] - 21. Connection.getMetaData() returned com.mysql.cj.jdbc.DatabaseMetaDataUsingInfoSchema@67c071b1
INFO  21-02-02 18:48:42[restartedMain] [l.log4j2:197] - 21. Connection.clearWarnings() returned 
INFO  21-02-02 18:48:42[restartedMain] [o.h.j.i.u.LogHelper:31] - HHH000204: Processing PersistenceUnitInfo [name: default]
INFO  21-02-02 18:48:42[restartedMain] [l.log4j2:197] - 21. Connection.getMetaData() returned com.mysql.cj.jdbc.DatabaseMetaDataUsingInfoSchema@3dba9858
INFO  21-02-02 18:48:42[restartedMain] [o.h.d.Dialect:175] - HHH000400: Using dialect: org.hibernate.dialect.MySQLDialect
INFO  21-02-02 18:48:42[restartedMain] [l.log4j2:197] - 21. Connection.getCatalog() returned gravylab
INFO  21-02-02 18:48:42[restartedMain] [l.log4j2:197] - 21. Connection.getSchema() returned null
INFO  21-02-02 18:48:42[restartedMain] [l.log4j2:197] - 21. Connection.getSchema() returned null
INFO  21-02-02 18:48:42[restartedMain] [l.log4j2:197] - 21. Connection.getMetaData() returned com.mysql.cj.jdbc.DatabaseMetaDataUsingInfoSchema@42cfb154
INFO  21-02-02 18:48:42[restartedMain] [l.log4j2:197] - 21. Connection.createClob() returned com.mysql.cj.jdbc.Clob@8e726f7
INFO  21-02-02 18:48:42[restartedMain] [l.log4j2:197] - 21. Connection.clearWarnings() returned 
INFO  21-02-02 18:48:42[restartedMain] [o.h.e.t.j.p.i.JtaPlatformInitiator:52] - HHH000490: Using JtaPlatform implementation: [org.hibernate.engine.transaction.jta.platform.internal.NoJtaPlatform]
INFO  21-02-02 18:48:42[restartedMain] [o.s.o.j.LocalContainerEntityManagerFactoryBean:437] - Initialized JPA EntityManagerFactory for persistence unit 'default'
INFO  21-02-02 18:48:42[restartedMain] [l.log4j2:197] - 21. Connection.getMetaData() returned com.mysql.cj.jdbc.DatabaseMetaDataUsingInfoSchema@4a5e0959
INFO  21-02-02 18:48:42[restartedMain] [l.log4j2:197] - 21. Connection.clearWarnings() returned 
WARN  21-02-02 18:48:42[restartedMain] [o.s.b.a.o.j.JpaBaseConfiguration$JpaWebConfiguration:221] - spring.jpa.open-in-view is enabled by default. Therefore, database queries may be performed during view rendering. Explicitly configure spring.jpa.open-in-view to disable this warning
INFO  21-02-02 18:48:42[restartedMain] [o.s.s.c.ThreadPoolTaskExecutor:181] - Initializing ExecutorService 'applicationTaskExecutor'
INFO  21-02-02 18:48:42[HikariPool-3 connection adder] [l.log4j2:365] - 22. Connection opened. {executed in 71ms} 
INFO  21-02-02 18:48:42[HikariPool-3 connection adder] [l.log4j2:197] - 22. Connection.new Connection returned 
INFO  21-02-02 18:48:42[HikariPool-3 connection adder] [l.log4j2:197] - 22. Connection.isReadOnly() returned false
INFO  21-02-02 18:48:42[HikariPool-3 connection adder] [l.log4j2:197] - 22. Connection.getAutoCommit() returned true
INFO  21-02-02 18:48:42[restartedMain] [o.s.b.d.a.OptionalLiveReloadServer:58] - LiveReload server is running on port 35729
INFO  21-02-02 18:48:42[HikariPool-3 connection adder] [l.log4j2:365] - 23. Connection opened. {executed in 69ms} 
INFO  21-02-02 18:48:42[HikariPool-3 connection adder] [l.log4j2:197] - 23. Connection.new Connection returned 
INFO  21-02-02 18:48:42[HikariPool-3 connection adder] [l.log4j2:197] - 23. Connection.isReadOnly() returned false
INFO  21-02-02 18:48:42[HikariPool-3 connection adder] [l.log4j2:197] - 23. Connection.getAutoCommit() returned true
INFO  21-02-02 18:48:42[HikariPool-3 connection adder] [l.log4j2:365] - 24. Connection opened. {executed in 97ms} 
INFO  21-02-02 18:48:42[HikariPool-3 connection adder] [l.log4j2:197] - 24. Connection.new Connection returned 
INFO  21-02-02 18:48:42[HikariPool-3 connection adder] [l.log4j2:197] - 24. Connection.isReadOnly() returned false
INFO  21-02-02 18:48:42[HikariPool-3 connection adder] [l.log4j2:197] - 24. Connection.getAutoCommit() returned true
INFO  21-02-02 18:48:42[restartedMain] [o.s.b.w.e.t.TomcatWebServer:220] - Tomcat started on port(s): 5454 (http) with context path ''
INFO  21-02-02 18:48:42[restartedMain] [c.k.g.GravyLabApplication:61] - Started GravyLabApplication in 0.776 seconds (JVM running for 58.927)
INFO  21-02-02 18:48:42[restartedMain] [o.s.b.d.a.ConditionEvaluationDeltaLoggingListener:63] - Condition evaluation unchanged
INFO  21-02-02 18:48:42[HikariPool-3 connection adder] [l.log4j2:365] - 25. Connection opened. {executed in 82ms} 
INFO  21-02-02 18:48:42[HikariPool-3 connection adder] [l.log4j2:197] - 25. Connection.new Connection returned 
INFO  21-02-02 18:48:42[HikariPool-3 connection adder] [l.log4j2:197] - 25. Connection.isReadOnly() returned false
INFO  21-02-02 18:48:42[HikariPool-3 connection adder] [l.log4j2:197] - 25. Connection.getAutoCommit() returned true
INFO  21-02-02 18:48:42[HikariPool-3 connection adder] [l.log4j2:365] - 26. Connection opened. {executed in 46ms} 
INFO  21-02-02 18:48:42[HikariPool-3 connection adder] [l.log4j2:197] - 26. Connection.new Connection returned 
INFO  21-02-02 18:48:42[HikariPool-3 connection adder] [l.log4j2:197] - 26. Connection.isReadOnly() returned false
INFO  21-02-02 18:48:42[HikariPool-3 connection adder] [l.log4j2:197] - 26. Connection.getAutoCommit() returned true
INFO  21-02-02 18:48:42[HikariPool-3 connection adder] [l.log4j2:365] - 27. Connection opened. {executed in 45ms} 
INFO  21-02-02 18:48:42[HikariPool-3 connection adder] [l.log4j2:197] - 27. Connection.new Connection returned 
INFO  21-02-02 18:48:42[HikariPool-3 connection adder] [l.log4j2:197] - 27. Connection.isReadOnly() returned false
INFO  21-02-02 18:48:42[HikariPool-3 connection adder] [l.log4j2:197] - 27. Connection.getAutoCommit() returned true
INFO  21-02-02 18:48:57[background-preinit] [o.h.v.i.u.Version:21] - HV000001: Hibernate Validator 6.1.7.Final
INFO  21-02-02 18:48:57[restartedMain] [c.k.g.GravyLabApplication:55] - Starting GravyLabApplication using Java 1.8.0_251 on DESKTOP-GH4AU9Q with PID 21332 (D:\project framework\spring boot jpa\workspace\GravyLab\target\classes started by jin in D:\project framework\spring boot jpa\workspace\GravyLab)
INFO  21-02-02 18:48:57[restartedMain] [c.k.g.GravyLabApplication:660] - No active profile set, falling back to default profiles: default
INFO  21-02-02 18:48:57[restartedMain] [o.s.b.d.e.DevToolsPropertyDefaultsPostProcessor:255] - Devtools property defaults active! Set 'spring.devtools.add-properties' to 'false' to disable
INFO  21-02-02 18:48:57[restartedMain] [o.s.b.d.e.DevToolsPropertyDefaultsPostProcessor:255] - For additional web related logging consider setting the 'logging.level.web' property to 'DEBUG'
INFO  21-02-02 18:48:58[restartedMain] [o.s.d.r.c.RepositoryConfigurationDelegate:128] - Bootstrapping Spring Data JPA repositories in DEFAULT mode.
INFO  21-02-02 18:48:58[restartedMain] [o.s.d.r.c.RepositoryConfigurationDelegate:188] - Finished Spring Data repository scanning in 40 ms. Found 1 JPA repository interfaces.
INFO  21-02-02 18:48:59[restartedMain] [o.s.b.w.e.t.TomcatWebServer:108] - Tomcat initialized with port(s): 5454 (http)
INFO  21-02-02 18:48:59[restartedMain] [o.a.c.h.Http11NioProtocol:173] - Initializing ProtocolHandler ["http-nio-5454"]
INFO  21-02-02 18:48:59[restartedMain] [o.a.c.c.StandardService:173] - Starting service [Tomcat]
INFO  21-02-02 18:48:59[restartedMain] [o.a.c.c.StandardEngine:173] - Starting Servlet engine: [Apache Tomcat/9.0.41]
INFO  21-02-02 18:48:59[restartedMain] [o.a.c.c.C.[.[.[/]:173] - Initializing Spring embedded WebApplicationContext
INFO  21-02-02 18:48:59[restartedMain] [o.s.b.w.s.c.ServletWebServerApplicationContext:289] - Root WebApplicationContext: initialization completed in 1981 ms
INFO  21-02-02 18:48:59[restartedMain] [c.z.h.HikariDataSource:110] - HikariPool-1 - Starting...
DEBUG 21-02-02 18:49:00[restartedMain] [j.sqltiming:368] -  com.zaxxer.hikari.pool.PoolBase.executeSql(PoolBase.java:577)
1. SELECT 1
 {executed in 9 msec}
INFO  21-02-02 18:49:00[restartedMain] [c.z.h.HikariDataSource:123] - HikariPool-1 - Start completed.
INFO  21-02-02 18:49:00[restartedMain] [o.h.j.i.u.LogHelper:31] - HHH000204: Processing PersistenceUnitInfo [name: default]
INFO  21-02-02 18:49:00[restartedMain] [o.h.Version:44] - HHH000412: Hibernate ORM core version 5.4.27.Final
INFO  21-02-02 18:49:01[restartedMain] [o.h.a.c.Version:56] - HCANN000001: Hibernate Commons Annotations {5.1.2.Final}
INFO  21-02-02 18:49:01[restartedMain] [o.h.d.Dialect:175] - HHH000400: Using dialect: org.hibernate.dialect.MySQLDialect
INFO  21-02-02 18:49:01[restartedMain] [o.h.e.t.j.p.i.JtaPlatformInitiator:52] - HHH000490: Using JtaPlatform implementation: [org.hibernate.engine.transaction.jta.platform.internal.NoJtaPlatform]
INFO  21-02-02 18:49:01[restartedMain] [o.s.o.j.LocalContainerEntityManagerFactoryBean:437] - Initialized JPA EntityManagerFactory for persistence unit 'default'
DEBUG 21-02-02 18:49:01[restartedMain] [j.sqltiming:368] -  com.zaxxer.hikari.pool.PoolBase.isConnectionAlive(PoolBase.java:169)
1. SELECT 1
 {executed in 1 msec}
WARN  21-02-02 18:49:02[restartedMain] [o.s.b.a.o.j.JpaBaseConfiguration$JpaWebConfiguration:221] - spring.jpa.open-in-view is enabled by default. Therefore, database queries may be performed during view rendering. Explicitly configure spring.jpa.open-in-view to disable this warning
INFO  21-02-02 18:49:02[restartedMain] [o.s.s.c.ThreadPoolTaskExecutor:181] - Initializing ExecutorService 'applicationTaskExecutor'
INFO  21-02-02 18:49:02[restartedMain] [o.s.b.d.a.OptionalLiveReloadServer:58] - LiveReload server is running on port 35729
INFO  21-02-02 18:49:02[restartedMain] [o.a.c.h.Http11NioProtocol:173] - Starting ProtocolHandler ["http-nio-5454"]
INFO  21-02-02 18:49:02[restartedMain] [o.s.b.w.e.t.TomcatWebServer:220] - Tomcat started on port(s): 5454 (http) with context path ''
INFO  21-02-02 18:49:02[restartedMain] [c.k.g.GravyLabApplication:61] - Started GravyLabApplication in 5.443 seconds (JVM running for 5.91)
